<?xml version="1.0" encoding="UTF-8"?>
<testng-results skipped="0" failed="0" ignored="0" total="1" passed="1">
  <reporter-output>
  </reporter-output>
  <suite name="Default suite" duration-ms="15847" started-at="2021-09-05T22:28:35 EDT" finished-at="2021-09-05T22:28:51 EDT">
    <groups>
    </groups>
    <test name="Default test" duration-ms="15847" started-at="2021-09-05T22:28:35 EDT" finished-at="2021-09-05T22:28:51 EDT">
      <class name="lec29_Selenium.B_use_of_get_and_click_button">
        <test-method status="PASS" signature="setUp()[pri:0, instance:lec29_Selenium.B_use_of_get_and_click_button@2bbf4b8b]" name="setUp" is-config="true" duration-ms="14777" started-at="2021-09-05T22:28:35 EDT" finished-at="2021-09-05T22:28:50 EDT">
          <reporter-output>
          </reporter-output>
        </test-method> <!-- setUp -->
        <test-method status="PASS" signature="loginButtonTest()[pri:0, instance:lec29_Selenium.B_use_of_get_and_click_button@2bbf4b8b]" name="loginButtonTest" duration-ms="894" started-at="2021-09-05T22:28:50 EDT" finished-at="2021-09-05T22:28:51 EDT">
          <reporter-output>
          </reporter-output>
        </test-method> <!-- loginButtonTest -->
        <test-method status="PASS" signature="tearUp()[pri:0, instance:lec29_Selenium.B_use_of_get_and_click_button@2bbf4b8b]" name="tearUp" is-config="true" duration-ms="115" started-at="2021-09-05T22:28:51 EDT" finished-at="2021-09-05T22:28:51 EDT">
          <reporter-output>
          </reporter-output>
        </test-method> <!-- tearUp -->
      </class> <!-- lec29_Selenium.B_use_of_get_and_click_button -->
    </test> <!-- Default test -->
  </suite> <!-- Default suite -->
</testng-results>
